# JRE version: Java(TM) SE Runtime Environment (8.0_191-b12) (build 1.8.0_191-b12)
# Java VM: Java HotSpot(TM) Client VM (25.191-b12 mixed mode windows-x86 )
Heap:
 def new generation   total 130048K, used 43354K [0x05800000, 0x0e510000, 0x102a0000)
  eden space 115648K,  35% used [0x05800000, 0x08002f30, 0x0c8f0000)
  from space 14400K,  16% used [0x0d700000, 0x0d953c00, 0x0e510000)
  to   space 14400K,   0% used [0x0c8f0000, 0x0c8f0000, 0x0d700000)
 tenured generation   total 288776K, used 277395K [0x102a0000, 0x21ca2000, 0x25800000)
   the space 288776K,  96% used [0x102a0000, 0x21184e38, 0x21185000, 0x21ca2000)
 Metaspace       used 23371K, capacity 23975K, committed 24064K, reserved 24960K
GC Heap History (10 events):
Event: 9514.554 GC heap before
{Heap before GC invocations=66 (full 5):
 def new generation   total 130048K, used 118166K [0x05800000, 0x0e510000, 0x102a0000)
  eden space 115648K, 100% used [0x05800000, 0x0c8f0000, 0x0c8f0000)
  from space 14400K,  17% used [0x0c8f0000, 0x0cb65a98, 0x0d700000)
  to   space 14400K,   0% used [0x0d700000, 0x0d700000, 0x0e510000)
 tenured generation   total 288776K, used 253450K [0x102a0000, 0x21ca2000, 0x25800000)
   the space 288776K,  87% used [0x102a0000, 0x1fa22958, 0x1fa22a00, 0x21ca2000)
 Metaspace       used 23306K, capacity 23911K, committed 23936K, reserved 23936K
Event: 9514.572 GC heap after
Heap after GC invocations=67 (full 5):
 def new generation   total 130048K, used 3999K [0x05800000, 0x0e510000, 0x102a0000)
  eden space 115648K,   0% used [0x05800000, 0x05800000, 0x0c8f0000)
  from space 14400K,  27% used [0x0d700000, 0x0dae7dc0, 0x0e510000)
  to   space 14400K,   0% used [0x0c8f0000, 0x0c8f0000, 0x0d700000)
 tenured generation   total 288776K, used 253450K [0x102a0000, 0x21ca2000, 0x25800000)
   the space 288776K,  87% used [0x102a0000, 0x1fa22958, 0x1fa22a00, 0x21ca2000)
 Metaspace       used 23306K, capacity 23911K, committed 23936K, reserved 23936K
}
Event: 9678.006 GC heap before
{Heap before GC invocations=67 (full 5):
 def new generation   total 130048K, used 119627K [0x05800000, 0x0e510000, 0x102a0000)
  eden space 115648K,  99% used [0x05800000, 0x0c8eb098, 0x0c8f0000)
  from space 14400K,  27% used [0x0d700000, 0x0dae7dc0, 0x0e510000)
  to   space 14400K,   0% used [0x0c8f0000, 0x0c8f0000, 0x0d700000)
 tenured generation   total 288776K, used 253450K [0x102a0000, 0x21ca2000, 0x25800000)
   the space 288776K,  87% used [0x102a0000, 0x1fa22958, 0x1fa22a00, 0x21ca2000)
 Metaspace       used 23306K, capacity 23911K, committed 23936K, reserved 23936K
Event: 9678.053 GC heap after
Heap after GC invocations=68 (full 5):
 def new generation   total 130048K, used 12549K [0x05800000, 0x0e510000, 0x102a0000)
  eden space 115648K,   0% used [0x05800000, 0x05800000, 0x0c8f0000)
  from space 14400K,  87% used [0x0c8f0000, 0x0d5314e0, 0x0d700000)
  to   space 14400K,   0% used [0x0d700000, 0x0d700000, 0x0e510000)
 tenured generation   total 288776K, used 253450K [0x102a0000, 0x21ca2000, 0x25800000)
   the space 288776K,  87% used [0x102a0000, 0x1fa22958, 0x1fa22a00, 0x21ca2000)
 Metaspace       used 23306K, capacity 23911K, committed 23936K, reserved 23936K
}
Event: 9916.621 GC heap before
{Heap before GC invocations=68 (full 5):
 def new generation   total 130048K, used 128197K [0x05800000, 0x0e510000, 0x102a0000)
  eden space 115648K, 100% used [0x05800000, 0x0c8f0000, 0x0c8f0000)
  from space 14400K,  87% used [0x0c8f0000, 0x0d5314e0, 0x0d700000)
  to   space 14400K,   0% used [0x0d700000, 0x0d700000, 0x0e510000)
 tenured generation   total 288776K, used 253450K [0x102a0000, 0x21ca2000, 0x25800000)
   the space 288776K,  87% used [0x102a0000, 0x1fa22958, 0x1fa22a00, 0x21ca2000)
 Metaspace       used 23370K, capacity 23975K, committed 24064K, reserved 24960K
Event: 9916.678 GC heap after
Heap after GC invocations=69 (full 5):
 def new generation   total 130048K, used 2636K [0x05800000, 0x0e510000, 0x102a0000)
  eden space 115648K,   0% used [0x05800000, 0x05800000, 0x0c8f0000)
  from space 14400K,  18% used [0x0d700000, 0x0d9930a8, 0x0e510000)
  to   space 14400K,   0% used [0x0c8f0000, 0x0c8f0000, 0x0d700000)
 tenured generation   total 288776K, used 265065K [0x102a0000, 0x21ca2000, 0x25800000)
   the space 288776K,  91% used [0x102a0000, 0x2057a6c8, 0x2057a800, 0x21ca2000)
 Metaspace       used 23370K, capacity 23975K, committed 24064K, reserved 24960K
}
Event: 10053.931 GC heap before
{Heap before GC invocations=69 (full 5):
 def new generation   total 130048K, used 118284K [0x05800000, 0x0e510000, 0x102a0000)
  eden space 115648K, 100% used [0x05800000, 0x0c8f0000, 0x0c8f0000)
  from space 14400K,  18% used [0x0d700000, 0x0d9930a8, 0x0e510000)
  to   space 14400K,   0% used [0x0c8f0000, 0x0c8f0000, 0x0d700000)
 tenured generation   total 288776K, used 265065K [0x102a0000, 0x21ca2000, 0x25800000)
   the space 288776K,  91% used [0x102a0000, 0x2057a6c8, 0x2057a800, 0x21ca2000)
 Metaspace       used 23370K, capacity 23975K, committed 24064K, reserved 24960K
Event: 10053.954 GC heap after
Heap after GC invocations=70 (full 5):
 def new generation   total 130048K, used 13213K [0x05800000, 0x0e510000, 0x102a0000)
  eden space 115648K,   0% used [0x05800000, 0x05800000, 0x0c8f0000)
  from space 14400K,  91% used [0x0c8f0000, 0x0d5d75d0, 0x0d700000)
  to   space 14400K,   0% used [0x0d700000, 0x0d700000, 0x0e510000)
 tenured generation   total 288776K, used 265065K [0x102a0000, 0x21ca2000, 0x25800000)
   the space 288776K,  91% used [0x102a0000, 0x2057a6c8, 0x2057a800, 0x21ca2000)
 Metaspace       used 23370K, capacity 23975K, committed 24064K, reserved 24960K
}
Event: 10285.781 GC heap before
{Heap before GC invocations=70 (full 5):
 def new generation   total 130048K, used 128861K [0x05800000, 0x0e510000, 0x102a0000)
  eden space 115648K, 100% used [0x05800000, 0x0c8f0000, 0x0c8f0000)
  from space 14400K,  91% used [0x0c8f0000, 0x0d5d75d0, 0x0d700000)
  to   space 14400K,   0% used [0x0d700000, 0x0d700000, 0x0e510000)
 tenured generation   total 288776K, used 265065K [0x102a0000, 0x21ca2000, 0x25800000)
   the space 288776K,  91% used [0x102a0000, 0x2057a6c8, 0x2057a800, 0x21ca2000)
 Metaspace       used 23370K, capacity 23975K, committed 24064K, reserved 24960K
Event: 10285.847 GC heap after
Heap after GC invocations=71 (full 5):
 def new generation   total 130048K, used 2383K [0x05800000, 0x0e510000, 0x102a0000)
  eden space 115648K,   0% used [0x05800000, 0x05800000, 0x0c8f0000)
  from space 14400K,  16% used [0x0d700000, 0x0d953c00, 0x0e510000)
  to   space 14400K,   0% used [0x0c8f0000, 0x0c8f0000, 0x0d700000)
 tenured generation   total 288776K, used 277395K [0x102a0000, 0x21ca2000, 0x25800000)
   the space 288776K,  96% used [0x102a0000, 0x21184e38, 0x21185000, 0x21ca2000)
 Metaspace       used 23370K, capacity 23975K, committed 24064K, reserved 24960K
}

